<?xml version="1.0" encoding="UTF-8"?>
<!-- Generated by org.testng.reporters.JUnitXMLReporter -->
<testsuite hostname="LAPTOP-GG5LC0BQ" ignored="0" name="InValidLoginTests" tests="3" failures="0" timestamp="2021-05-30T23:23:04 IST" time="59.914" errors="0">
  <testcase name="testLoginWithInValidCredential" time="7.607" classname="QualityKioskTraining.TestCases.InvalidLoginTestCases"/>
  <testcase name="testLoginWithInValidCredential" time="5.876" classname="QualityKioskTraining.TestCases.InvalidLoginTestCases"/>
  <testcase name="testLoginWithInValidCredential" time="5.226" classname="QualityKioskTraining.TestCases.InvalidLoginTestCases"/>
</testsuite> <!-- InValidLoginTests -->
