<?xml version="1.0" encoding="UTF-8"?>
<testng-results skipped="0" failed="0" ignored="0" total="4" passed="4">
  <reporter-output>
  </reporter-output>
  <suite name="OrangeHRMDemoTestCases" duration-ms="89949" started-at="2021-05-30T23:21:34 IST" finished-at="2021-05-30T23:23:04 IST">
    <groups>
    </groups>
    <test name="ValidLoginTests" duration-ms="29861" started-at="2021-05-30T23:21:34 IST" finished-at="2021-05-30T23:22:04 IST">
      <class name="QualityKioskTraining.TestCases.ValidLoginTestCases">
        <test-method status="PASS" signature="init(java.lang.String)[pri:0, instance:QualityKioskTraining.TestCases.ValidLoginTestCases@527740a2]" name="init" is-config="true" duration-ms="20215" started-at="2021-05-30T23:21:34 IST" finished-at="2021-05-30T23:21:55 IST">
          <params>
            <param index="0">
              <value>
                <![CDATA[CHROME]]>
              </value>
            </param>
          </params>
          <reporter-output>
          </reporter-output>
        </test-method> <!-- init -->
        <test-method status="PASS" signature="testLoginWithValidCredential()[pri:1, instance:QualityKioskTraining.TestCases.ValidLoginTestCases@527740a2]" name="testLoginWithValidCredential" duration-ms="9491" started-at="2021-05-30T23:21:55 IST" finished-at="2021-05-30T23:22:04 IST">
          <reporter-output>
          </reporter-output>
        </test-method> <!-- testLoginWithValidCredential -->
      </class> <!-- QualityKioskTraining.TestCases.ValidLoginTestCases -->
    </test> <!-- ValidLoginTests -->
    <test name="InValidLoginTests" duration-ms="59914" started-at="2021-05-30T23:22:04 IST" finished-at="2021-05-30T23:23:04 IST">
      <class name="QualityKioskTraining.TestCases.InvalidLoginTestCases">
        <test-method status="PASS" signature="init(java.lang.String)[pri:0, instance:QualityKioskTraining.TestCases.InvalidLoginTestCases@1f36e637]" name="init" is-config="true" duration-ms="41198" started-at="2021-05-30T23:22:04 IST" finished-at="2021-05-30T23:22:46 IST">
          <params>
            <param index="0">
              <value>
                <![CDATA[CHROME]]>
              </value>
            </param>
          </params>
          <reporter-output>
          </reporter-output>
        </test-method> <!-- init -->
        <test-method status="PASS" signature="testLoginWithInValidCredential(java.lang.String,java.lang.String,java.lang.String)[pri:1, instance:QualityKioskTraining.TestCases.InvalidLoginTestCases@1f36e637]" name="testLoginWithInValidCredential" duration-ms="7607" started-at="2021-05-30T23:22:46 IST" data-provider="invalidLoginData" finished-at="2021-05-30T23:22:53 IST">
          <params>
            <param index="0">
              <value>
                <![CDATA[]]>
              </value>
            </param>
            <param index="1">
              <value>
                <![CDATA[admin123]]>
              </value>
            </param>
            <param index="2">
              <value>
                <![CDATA[Username cannot be empty]]>
              </value>
            </param>
          </params>
          <reporter-output>
          </reporter-output>
        </test-method> <!-- testLoginWithInValidCredential -->
        <test-method status="PASS" signature="testLoginWithInValidCredential(java.lang.String,java.lang.String,java.lang.String)[pri:1, instance:QualityKioskTraining.TestCases.InvalidLoginTestCases@1f36e637]" name="testLoginWithInValidCredential" duration-ms="5876" started-at="2021-05-30T23:22:53 IST" data-provider="invalidLoginData" finished-at="2021-05-30T23:22:59 IST">
          <params>
            <param index="0">
              <value>
                <![CDATA[Admin]]>
              </value>
            </param>
            <param index="1">
              <value>
                <![CDATA[]]>
              </value>
            </param>
            <param index="2">
              <value>
                <![CDATA[Password cannot be empty]]>
              </value>
            </param>
          </params>
          <reporter-output>
          </reporter-output>
        </test-method> <!-- testLoginWithInValidCredential -->
        <test-method status="PASS" signature="testLoginWithInValidCredential(java.lang.String,java.lang.String,java.lang.String)[pri:1, instance:QualityKioskTraining.TestCases.InvalidLoginTestCases@1f36e637]" name="testLoginWithInValidCredential" duration-ms="5226" started-at="2021-05-30T23:22:59 IST" data-provider="invalidLoginData" finished-at="2021-05-30T23:23:04 IST">
          <params>
            <param index="0">
              <value>
                <![CDATA[kajal]]>
              </value>
            </param>
            <param index="1">
              <value>
                <![CDATA[kajalshele]]>
              </value>
            </param>
            <param index="2">
              <value>
                <![CDATA[Invalid credentials]]>
              </value>
            </param>
          </params>
          <reporter-output>
          </reporter-output>
        </test-method> <!-- testLoginWithInValidCredential -->
      </class> <!-- QualityKioskTraining.TestCases.InvalidLoginTestCases -->
    </test> <!-- InValidLoginTests -->
  </suite> <!-- OrangeHRMDemoTestCases -->
</testng-results>
