<?xml version="1.0" encoding="UTF-8"?>
<testng-results ignored="0" total="4" passed="4" failed="0" skipped="0">
  <reporter-output>
  </reporter-output>
  <suite started-at="2021-05-30T20:09:19 IST" name="OrangeHRMDemoTestCases" finished-at="2021-05-30T20:09:59 IST" duration-ms="40354">
    <groups>
    </groups>
    <test started-at="2021-05-30T20:09:19 IST" name="ValidLoginTests" finished-at="2021-05-30T20:09:43 IST" duration-ms="23814">
      <class name="QualityKioskTraining.TestCases.ValidLoginTestCases">
        <test-method is-config="true" signature="init(java.lang.String)[pri:0, instance:QualityKioskTraining.TestCases.ValidLoginTestCases@7e9131d5]" started-at="2021-05-30T20:09:19 IST" name="init" finished-at="2021-05-30T20:09:36 IST" duration-ms="16558" status="PASS">
          <params>
            <param index="0">
              <value>
                <![CDATA[CHROME]]>
              </value>
            </param>
          </params>
          <reporter-output>
          </reporter-output>
        </test-method> <!-- init -->
        <test-method signature="testLoginWithValidCredential()[pri:1, instance:QualityKioskTraining.TestCases.ValidLoginTestCases@7e9131d5]" started-at="2021-05-30T20:09:36 IST" name="testLoginWithValidCredential" finished-at="2021-05-30T20:09:43 IST" duration-ms="7124" status="PASS">
          <reporter-output>
          </reporter-output>
        </test-method> <!-- testLoginWithValidCredential -->
      </class> <!-- QualityKioskTraining.TestCases.ValidLoginTestCases -->
    </test> <!-- ValidLoginTests -->
    <test started-at="2021-05-30T20:09:43 IST" name="InValidLoginTests" finished-at="2021-05-30T20:09:59 IST" duration-ms="16240">
      <class name="QualityKioskTraining.TestCases.InvalidLoginTestCases">
        <test-method is-config="true" signature="init(java.lang.String)[pri:0, instance:QualityKioskTraining.TestCases.InvalidLoginTestCases@e7edb54]" started-at="2021-05-30T20:09:43 IST" name="init" finished-at="2021-05-30T20:09:55 IST" duration-ms="11808" status="PASS">
          <params>
            <param index="0">
              <value>
                <![CDATA[CHROME]]>
              </value>
            </param>
          </params>
          <reporter-output>
          </reporter-output>
        </test-method> <!-- init -->
        <test-method signature="testLoginWithInValidCredential(java.lang.String, java.lang.String, java.lang.String)[pri:1, instance:QualityKioskTraining.TestCases.InvalidLoginTestCases@e7edb54]" started-at="2021-05-30T20:09:55 IST" name="testLoginWithInValidCredential" data-provider="invalidLoginData" finished-at="2021-05-30T20:09:57 IST" duration-ms="1564" status="PASS">
          <params>
            <param index="0">
              <value>
                <![CDATA[]]>
              </value>
            </param>
            <param index="1">
              <value>
                <![CDATA[admin123]]>
              </value>
            </param>
            <param index="2">
              <value>
                <![CDATA[Username cannot be empty]]>
              </value>
            </param>
          </params>
          <reporter-output>
          </reporter-output>
        </test-method> <!-- testLoginWithInValidCredential -->
        <test-method signature="testLoginWithInValidCredential(java.lang.String, java.lang.String, java.lang.String)[pri:1, instance:QualityKioskTraining.TestCases.InvalidLoginTestCases@e7edb54]" started-at="2021-05-30T20:09:57 IST" name="testLoginWithInValidCredential" data-provider="invalidLoginData" finished-at="2021-05-30T20:09:58 IST" duration-ms="842" status="PASS">
          <params>
            <param index="0">
              <value>
                <![CDATA[Admin]]>
              </value>
            </param>
            <param index="1">
              <value>
                <![CDATA[]]>
              </value>
            </param>
            <param index="2">
              <value>
                <![CDATA[Password cannot be empty]]>
              </value>
            </param>
          </params>
          <reporter-output>
          </reporter-output>
        </test-method> <!-- testLoginWithInValidCredential -->
        <test-method signature="testLoginWithInValidCredential(java.lang.String, java.lang.String, java.lang.String)[pri:1, instance:QualityKioskTraining.TestCases.InvalidLoginTestCases@e7edb54]" started-at="2021-05-30T20:09:58 IST" name="testLoginWithInValidCredential" data-provider="invalidLoginData" finished-at="2021-05-30T20:09:59 IST" duration-ms="1956" status="PASS">
          <params>
            <param index="0">
              <value>
                <![CDATA[kajal]]>
              </value>
            </param>
            <param index="1">
              <value>
                <![CDATA[kajalshele]]>
              </value>
            </param>
            <param index="2">
              <value>
                <![CDATA[Invalid credentials]]>
              </value>
            </param>
          </params>
          <reporter-output>
          </reporter-output>
        </test-method> <!-- testLoginWithInValidCredential -->
      </class> <!-- QualityKioskTraining.TestCases.InvalidLoginTestCases -->
    </test> <!-- InValidLoginTests -->
  </suite> <!-- OrangeHRMDemoTestCases -->
</testng-results>
