<?xml version="1.0" encoding="UTF-8"?>
<!-- Generated by org.testng.reporters.JUnitXMLReporter -->
<testsuite ignored="0" hostname="LAPTOP-GG5LC0BQ" failures="0" tests="3" name="InValidLoginTests" time="20.745" errors="0" timestamp="2021-05-30T23:19:11 IST">
  <testcase classname="QualityKioskTraining.TestCases.InvalidLoginTestCases" name="testLoginWithInValidCredential" time="1.188"/>
  <testcase classname="QualityKioskTraining.TestCases.InvalidLoginTestCases" name="testLoginWithInValidCredential" time="1.052"/>
  <testcase classname="QualityKioskTraining.TestCases.InvalidLoginTestCases" name="testLoginWithInValidCredential" time="1.969"/>
</testsuite> <!-- InValidLoginTests -->
