<?xml version="1.0" encoding="UTF-8"?>
<!-- Generated by org.testng.reporters.JUnitXMLReporter -->
<testsuite ignored="0" hostname="LAPTOP-GG5LC0BQ" failures="0" tests="3" name="InValidLoginTests" time="16.24" errors="0" timestamp="2021-05-30T20:10:00 IST">
  <testcase classname="QualityKioskTraining.TestCases.InvalidLoginTestCases" name="testLoginWithInValidCredential" time="1.564"/>
  <testcase classname="QualityKioskTraining.TestCases.InvalidLoginTestCases" name="testLoginWithInValidCredential" time="0.842"/>
  <testcase classname="QualityKioskTraining.TestCases.InvalidLoginTestCases" name="testLoginWithInValidCredential" time="1.956"/>
</testsuite> <!-- InValidLoginTests -->
